Water Hydration App/Project Files/app/build/outputs/logs/manifest-merger-debug-report.txt
-- Merging decision tree log ---
manifest
ADDED from src/main/AndroidManifest.xml:2:1-40:12
	package
		ADDED from src/main/AndroidManifest.xml:3:11-51
		INJECTED from src/main/AndroidManifest.xml
		INJECTED from src/main/AndroidManifest.xml
	android:versionName
		INJECTED from src/main/AndroidManifest.xml
		INJECTED from src/main/AndroidManifest.xml
	xmlns:android
		ADDED from src/main/AndroidManifest.xml:2:11-69
	android:versionCode
		INJECTED from src/main/AndroidManifest.xml
		INJECTED from src/main/AndroidManifest.xml
uses-permission#android.permission.VIBRATE
ADDED from src/main/AndroidManifest.xml:5:5-66
	android:name
		ADDED from src/main/AndroidManifest.xml:5:22-63
application
ADDED from src/main/AndroidManifest.xml:6:5-38:19
MERGED from [com.android.support:appcompat-v7:26.0.1] AndroidManifest.xml:25:5-29:19
MERGED from [com.android.support:animated-vector-drawable:26.0.1] AndroidManifest.xml:22:5-26:19
MERGED from [com.android.support:support-vector-drawable:26.0.1] AndroidManifest.xml:22:5-26:19
MERGED from [com.firebase:firebase-jobdispatcher:0.5.2] AndroidManifest.xml:26:5-40:19
MERGED from [com.android.support:support-v4:26.0.1] AndroidManifest.xml:25:5-29:19
MERGED from [com.android.support:support-media-compat:26.0.1] AndroidManifest.xml:25:5-29:19
MERGED from [com.android.support:support-fragment:26.0.1] AndroidManifest.xml:25:5-29:19
MERGED from [com.android.support:support-core-ui:26.0.1] AndroidManifest.xml:25:5-29:19
MERGED from [com.android.support:support-core-utils:26.0.1] AndroidManifest.xml:25:5-29:19
MERGED from [com.android.support:support-compat:26.0.1] AndroidManifest.xml:25:5-29:19
	android:label
		ADDED from src/main/AndroidManifest.xml:9:9-41
	android:supportsRtl
		ADDED from src/main/AndroidManifest.xml:10:9-35
	android:allowBackup
		ADDED from src/main/AndroidManifest.xml:7:9-35
	android:icon
		ADDED from src/main/AndroidManifest.xml:8:9-43
	android:theme
		ADDED from src/main/AndroidManifest.xml:11:9-40
activity#com.example.android.background.MainActivity
ADDED from src/main/AndroidManifest.xml:12:9-21:20
	android:screenOrientation
		ADDED from src/main/AndroidManifest.xml:15:13-49
	android:launchMode
		ADDED from src/main/AndroidManifest.xml:14:13-43
	android:name
		ADDED from src/main/AndroidManifest.xml:13:13-41
intent-filter#android.intent.action.MAIN+android.intent.category.LAUNCHER
ADDED from src/main/AndroidManifest.xml:16:13-20:29
action#android.intent.action.MAIN
ADDED from src/main/AndroidManifest.xml:17:17-68
	android:name
		ADDED from src/main/AndroidManifest.xml:17:25-66
category#android.intent.category.LAUNCHER
ADDED from src/main/AndroidManifest.xml:19:17-76
	android:name
		ADDED from src/main/AndroidManifest.xml:19:27-74
service#com.example.android.background.sync.WaterReminderIntentService
ADDED from src/main/AndroidManifest.xml:24:9-26:39
	android:exported
		ADDED from src/main/AndroidManifest.xml:26:13-37
	android:name
		ADDED from src/main/AndroidManifest.xml:25:13-60
service#com.example.android.background.sync.WaterReminderFirebaseJobService
ADDED from src/main/AndroidManifest.xml:29:9-35:19
	android:exported
		ADDED from src/main/AndroidManifest.xml:31:13-37
	android:name
		ADDED from src/main/AndroidManifest.xml:30:13-65
intent-filter#com.firebase.jobdispatcher.ACTION_EXECUTE
ADDED from src/main/AndroidManifest.xml:32:13-34:29
action#com.firebase.jobdispatcher.ACTION_EXECUTE
ADDED from src/main/AndroidManifest.xml:33:17-83
	android:name
		ADDED from src/main/AndroidManifest.xml:33:25-81
uses-sdk
INJECTED from src/main/AndroidManifest.xml reason: use-sdk injection requested
MERGED from [com.android.support:appcompat-v7:26.0.1] AndroidManifest.xml:21:5-23:78
MERGED from [com.android.support:animated-vector-drawable:26.0.1] AndroidManifest.xml:20:5-44
MERGED from [com.android.support:support-vector-drawable:26.0.1] AndroidManifest.xml:20:5-44
MERGED from [com.firebase:firebase-jobdispatcher:0.5.2] AndroidManifest.xml:22:5-24:41
MERGED from [com.android.support:support-v4:26.0.1] AndroidManifest.xml:21:5-23:54
MERGED from [com.android.support:support-media-compat:26.0.1] AndroidManifest.xml:21:5-23:63
MERGED from [com.android.support:support-fragment:26.0.1] AndroidManifest.xml:21:5-23:60
MERGED from [com.android.support:support-core-ui:26.0.1] AndroidManifest.xml:21:5-23:58
MERGED from [com.android.support:support-core-utils:26.0.1] AndroidManifest.xml:21:5-23:61
MERGED from [com.android.support:support-compat:26.0.1] AndroidManifest.xml:21:5-23:58
	tools:overrideLibrary
		ADDED from [com.android.support:appcompat-v7:26.0.1] AndroidManifest.xml:23:9-75
	android:targetSdkVersion
		INJECTED from src/main/AndroidManifest.xml
		INJECTED from src/main/AndroidManifest.xml
	android:minSdkVersion
		INJECTED from src/main/AndroidManifest.xml
		INJECTED from src/main/AndroidManifest.xml
meta-data#android.support.VERSION
ADDED from [com.android.support:appcompat-v7:26.0.1] AndroidManifest.xml:26:9-28:38
MERGED from [com.android.support:animated-vector-drawable:26.0.1] AndroidManifest.xml:23:9-25:38
MERGED from [com.android.support:support-vector-drawable:26.0.1] AndroidManifest.xml:23:9-25:38
MERGED from [com.android.support:support-v4:26.0.1] AndroidManifest.xml:26:9-28:38
MERGED from [com.android.support:support-media-compat:26.0.1] AndroidManifest.xml:26:9-28:38
MERGED from [com.android.support:support-fragment:26.0.1] AndroidManifest.xml:26:9-28:38
MERGED from [com.android.support:support-core-ui:26.0.1] AndroidManifest.xml:26:9-28:38
MERGED from [com.android.support:support-core-utils:26.0.1] AndroidManifest.xml:26:9-28:38
MERGED from [com.android.support:support-compat:26.0.1] AndroidManifest.xml:26:9-28:38
	android:value
		ADDED from [com.android.support:appcompat-v7:26.0.1] AndroidManifest.xml:28:13-35
	android:name
		ADDED from [com.android.support:appcompat-v7:26.0.1] AndroidManifest.xml:27:13-51
service#com.firebase.jobdispatcher.GooglePlayReceiver
ADDED from [com.firebase:firebase-jobdispatcher:0.5.2] AndroidManifest.xml:32:9-39:19
	android:exported
		ADDED from [com.firebase:firebase-jobdispatcher:0.5.2] AndroidManifest.xml:34:13-36
	android:permission
		ADDED from [com.firebase:firebase-jobdispatcher:0.5.2] AndroidManifest.xml:35:13-93
	android:name
		ADDED from [com.firebase:firebase-jobdispatcher:0.5.2] AndroidManifest.xml:33:13-73
intent-filter#com.google.android.gms.gcm.ACTION_TASK_READY
ADDED from [com.firebase:firebase-jobdispatcher:0.5.2] AndroidManifest.xml:36:13-38:29
action#com.google.android.gms.gcm.ACTION_TASK_READY
ADDED from [com.firebase:firebase-jobdispatcher:0.5.2] AndroidManifest.xml:37:17-87
	android:name
		ADDED from [com.firebase:firebase-jobdispatcher:0.5.2] AndroidManifest.xml:37:25-84